<?xml version="1.0" encoding="UTF-8"?>
<!-- Generated by org.testng.reporters.JUnitReportReporter -->
<testsuite hostname="Vaibhav-HP" failures="0" tests="2" name="testCases.TC_LoginTest" time="35.471" errors="0" timestamp="2024-09-08T00:09:36 IST" skipped="0">
  <testcase classname="testCases.TC_LoginTest" name="verify_login" time="1.566"/>
  <testcase classname="testCases.TC_LoginTest" name="verify_login" time="33.905"/>
</testsuite> <!-- testCases.TC_LoginTest -->
