<?xml version="1.0" encoding="UTF-8"?>
<!-- Generated by org.testng.reporters.JUnitReportReporter -->
<testsuite hostname="Vaibhav-HP" failures="0" tests="1" name="testCases.TC_LoginTest" time="2.302" errors="0" timestamp="2024-09-07T22:49:49 IST" skipped="0">
  <testcase classname="testCases.TC_LoginTest" name="verify_login" time="2.302"/>
</testsuite> <!-- testCases.TC_LoginTest -->
